TN:
SF:script/DeployRaffle.s.sol
DA:14,0
FN:14,DeployRaffle.run
FNDA:0,DeployRaffle.run
DA:15,0
DA:18,14
FN:18,DeployRaffle.deployContract
FNDA:14,DeployRaffle.deployContract
DA:19,14
DA:22,14
DA:24,14
BRDA:24,0,0,14
DA:26,14
DA:27,14
DA:31,14
DA:32,14
DA:40,14
DA:41,14
DA:50,14
DA:52,14
DA:53,14
DA:60,14
FNF:2
FNH:1
LF:16
LH:14
BRF:1
BRH:1
end_of_record
TN:
SF:script/HelperConfig.s.sol
DA:38,14
FN:38,HelperConfig.constructor
FNDA:14,HelperConfig.constructor
DA:39,14
DA:42,0
FN:42,HelperConfig.getConfigByChainId
FNDA:0,HelperConfig.getConfigByChainId
DA:45,28
BRDA:45,0,0,-
BRDA:45,0,1,-
DA:46,0
DA:47,28
BRDA:47,1,0,28
BRDA:47,1,1,-
DA:48,28
DA:50,0
DA:54,28
FN:54,HelperConfig.getConfig
FNDA:28,HelperConfig.getConfig
DA:55,28
DA:58,14
FN:58,HelperConfig.getSepoliaEthConfig
FNDA:14,HelperConfig.getSepoliaEthConfig
DA:59,14
DA:72,0
FN:72,HelperConfig.getOrCreateAnvilEthConfig
FNDA:0,HelperConfig.getOrCreateAnvilEthConfig
DA:74,28
BRDA:74,2,0,14
DA:75,14
DA:79,14
DA:80,14
DA:85,14
DA:86,14
DA:88,14
DA:98,14
FNF:5
FNH:3
LF:21
LH:17
BRF:5
BRH:2
end_of_record
TN:
SF:script/Interaction.s.sol
DA:13,0
FN:13,CreateSubscription.createSubscriptionUsingConfig
FNDA:0,CreateSubscription.createSubscriptionUsingConfig
DA:14,0
DA:15,0
DA:16,0
DA:17,0
DA:18,0
DA:21,14
FN:21,CreateSubscription.createSubscription
FNDA:14,CreateSubscription.createSubscription
DA:25,14
DA:26,14
DA:27,14
DA:29,14
DA:30,14
DA:31,14
DA:34,14
DA:37,0
FN:37,CreateSubscription.run.0
FNDA:0,CreateSubscription.run.0
DA:38,0
DA:45,0
FN:45,FundSubscription.fundSubscriptionUsingConfig
FNDA:0,FundSubscription.fundSubscriptionUsingConfig
DA:46,0
DA:47,0
DA:48,0
DA:49,0
DA:50,0
DA:51,0
DA:54,14
FN:54,FundSubscription.fundSubscription
FNDA:14,FundSubscription.fundSubscription
DA:60,14
DA:61,14
DA:62,14
DA:64,14
BRDA:64,0,0,14
BRDA:64,0,1,-
DA:65,14
DA:66,14
DA:70,14
DA:72,0
DA:73,0
DA:78,0
DA:81,0
FN:81,FundSubscription.run.1
FNDA:0,FundSubscription.run.1
DA:82,0
DA:87,0
FN:87,AddConsumer.addConsumerUsingConfig
FNDA:0,AddConsumer.addConsumerUsingConfig
DA:88,0
DA:89,0
DA:90,0
DA:91,0
DA:92,0
DA:95,14
FN:95,AddConsumer.addConsumer
FNDA:14,AddConsumer.addConsumer
DA:101,14
DA:102,14
DA:103,14
DA:104,14
DA:105,14
DA:109,14
DA:112,0
FN:112,AddConsumer.run.2
FNDA:0,AddConsumer.run.2
DA:113,0
DA:117,0
FNF:9
FNH:3
LF:52
LH:23
BRF:2
BRH:1
end_of_record
TN:
SF:src/Raffle.sol
DA:77,14
FN:77,Raffle.constructor
FNDA:14,Raffle.constructor
DA:85,14
DA:86,14
DA:87,14
DA:88,14
DA:89,14
DA:91,14
DA:92,14
DA:95,271
FN:95,Raffle.enterRaffle
FNDA:271,Raffle.enterRaffle
DA:96,271
BRDA:96,0,0,1
DA:97,1
DA:99,270
BRDA:99,1,0,1
DA:100,1
DA:103,269
DA:104,269
DA:121,10
FN:121,Raffle.checkUpkeep
FNDA:10,Raffle.checkUpkeep
DA:128,10
DA:129,10
DA:130,10
DA:131,10
DA:132,10
DA:133,10
DA:136,6
FN:136,Raffle.performUpkeep
FNDA:6,Raffle.performUpkeep
DA:138,6
DA:139,6
BRDA:139,2,0,1
DA:140,1
DA:151,5
BRDA:151,3,0,-
DA:152,0
DA:156,5
DA:158,5
DA:172,5
DA:173,5
DA:179,1
FN:179,Raffle.fulfillRandomWords
FNDA:1,Raffle.fulfillRandomWords
DA:186,1
DA:187,1
DA:188,1
DA:189,1
DA:190,1
DA:191,1
DA:192,1
DA:195,1
DA:196,1
BRDA:196,4,0,-
DA:197,0
DA:201,0
FN:201,Raffle.getEntranceFee
FNDA:0,Raffle.getEntranceFee
DA:202,0
DA:205,4
FN:205,Raffle.getRaffleState
FNDA:4,Raffle.getRaffleState
DA:206,4
DA:209,1
FN:209,Raffle.getPlayer
FNDA:1,Raffle.getPlayer
DA:210,1
DA:213,2
FN:213,Raffle.getLastTimeStamp
FNDA:2,Raffle.getLastTimeStamp
DA:214,2
DA:217,1
FN:217,Raffle.getRecentWinner
FNDA:1,Raffle.getRecentWinner
DA:218,1
FNF:10
FNH:9
LF:53
LH:49
BRF:5
BRH:3
end_of_record
TN:
SF:test/Mocks/LinkToken.sol
DA:19,14
FN:19,LinkToken.constructor
FNDA:14,LinkToken.constructor
DA:20,14
DA:23,0
FN:23,LinkToken.mint
FNDA:0,LinkToken.mint
DA:24,0
DA:40,0
FN:40,LinkToken.transferAndCall
FNDA:0,LinkToken.transferAndCall
DA:45,0
DA:47,0
DA:48,0
BRDA:48,0,0,-
DA:49,0
DA:51,0
DA:56,0
FN:56,LinkToken.contractFallback
FNDA:0,LinkToken.contractFallback
DA:61,0
DA:62,0
DA:65,0
FN:65,LinkToken.isContract
FNDA:0,LinkToken.isContract
DA:66,0
DA:68,0
DA:70,0
FNF:5
FNH:1
LF:17
LH:2
BRF:1
BRH:0
end_of_record
